<?xml version="1.0" encoding="UTF-8"?>
<robot generator="Robot 5.0 (Python 3.10.4 on win32)" generated="20220806 15:45:55.988" rpa="false" schemaversion="3">
<suite id="s1" name="Udemy Api Test" source="C:\Users\ett19411\OneDrive - Etteplan Oyj\Desktop\udemy_api_test">
<suite id="s1-s1" name="Tests" source="C:\Users\ett19411\OneDrive - Etteplan Oyj\Desktop\udemy_api_test\tests">
<suite id="s1-s1-s1" name="Api" source="C:\Users\ett19411\OneDrive - Etteplan Oyj\Desktop\udemy_api_test\tests\api">
<suite id="s1-s1-s1-s1" name="Endpoints" source="C:\Users\ett19411\OneDrive - Etteplan Oyj\Desktop\udemy_api_test\tests\api\endpoints">
<suite id="s1-s1-s1-s1-s1" name="Login" source="C:\Users\ett19411\OneDrive - Etteplan Oyj\Desktop\udemy_api_test\tests\api\endpoints\login">
<suite id="s1-s1-s1-s1-s1-s1" name="Verify Login" source="C:\Users\ett19411\OneDrive - Etteplan Oyj\Desktop\udemy_api_test\tests\api\endpoints\login\verify_login.robot">
<test id="s1-s1-s1-s1-s1-s1-t1" name="Verify Login Returns 200" line="8">
<kw name="Log To Console" library="BuiltIn">
<arg>\nSending Requests To ${GLOBAL_ENDPOINT_LOGIN}\n</arg>
<doc>Logs the given message to the console.</doc>
<status status="PASS" starttime="20220806 15:45:56.142" endtime="20220806 15:45:56.142"/>
</kw>
<kw name="Create Dictionary" library="BuiltIn">
<var>&amp;{jsonBody}</var>
<arg>username=admin</arg>
<arg>password=masterPass</arg>
<doc>Creates and returns a dictionary based on the given ``items``.</doc>
<msg timestamp="20220806 15:45:56.142" level="INFO">&amp;{jsonBody} = { username=admin | password=masterPass }</msg>
<status status="PASS" starttime="20220806 15:45:56.142" endtime="20220806 15:45:56.142"/>
</kw>
<kw name="POST" library="RequestsLibrary">
<var>${response}</var>
<arg>url=${GLOBAL_ENDPOINT_LOGIN}</arg>
<arg>json=${jsonBody}</arg>
<arg>expected_status=200</arg>
<doc>Sends a POST request.</doc>
<msg timestamp="20220806 15:45:56.148" level="INFO">POST Request : url=http://127.0.0.1:5000/login 
 path_url=/login 
 headers={'User-Agent': 'python-requests/2.27.1', 'Accept-Encoding': 'gzip, deflate', 'Accept': '*/*', 'Connection': 'keep-alive', 'Content-Length': '47', 'Content-Type': 'application/json'} 
 body=b'{"username": "admin", "password": "masterPass"}' 
 </msg>
<msg timestamp="20220806 15:45:56.148" level="INFO">POST Response : url=http://127.0.0.1:5000/login 
 status=200, reason=OK 
 headers={'Server': 'Werkzeug/2.2.1 Python/3.10.4', 'Date': 'Sat, 06 Aug 2022 12:45:56 GMT', 'Content-Type': 'application/json', 'Content-Length': '49', 'Connection': 'close'} 
 body={"token":"asfd234fkaDkf2asdf2a889DFJSFlsDFWf21"}
 
 </msg>
<msg timestamp="20220806 15:45:56.148" level="INFO">${response} = &lt;Response [200]&gt;</msg>
<status status="PASS" starttime="20220806 15:45:56.142" endtime="20220806 15:45:56.148"/>
</kw>
<kw name="Log To Console" library="BuiltIn">
<arg>${response}</arg>
<doc>Logs the given message to the console.</doc>
<status status="PASS" starttime="20220806 15:45:56.149" endtime="20220806 15:45:56.149"/>
</kw>
<kw name="Validate Json Schema" library="json_validate_schema">
<arg>input_json=${response.json()}</arg>
<arg>reference_schema_path=${GLOBAL_SCHEMA_LOGIN}</arg>
<status status="PASS" starttime="20220806 15:45:56.149" endtime="20220806 15:45:56.152"/>
</kw>
<status status="PASS" starttime="20220806 15:45:56.135" endtime="20220806 15:45:56.152"/>
</test>
<status status="PASS" starttime="20220806 15:45:56.025" endtime="20220806 15:45:56.153"/>
</suite>
<suite id="s1-s1-s1-s1-s1-s2" name="Verify Login Wrong Auth" source="C:\Users\ett19411\OneDrive - Etteplan Oyj\Desktop\udemy_api_test\tests\api\endpoints\login\verify_login_wrong_auth.robot">
<test id="s1-s1-s1-s1-s1-s2-t1" name="Verify Login With Wrong Passwords Returns 401" line="8">
<kw name="Log To Console" library="BuiltIn">
<arg>\nSending Requests To ${GLOBAL_ENDPOINT_LOGIN}\n</arg>
<doc>Logs the given message to the console.</doc>
<status status="PASS" starttime="20220806 15:45:56.159" endtime="20220806 15:45:56.159"/>
</kw>
<kw name="Create Dictionary" library="BuiltIn">
<var>&amp;{jsonBody}</var>
<arg>username=admin</arg>
<arg>password=wrongPass</arg>
<doc>Creates and returns a dictionary based on the given ``items``.</doc>
<msg timestamp="20220806 15:45:56.159" level="INFO">&amp;{jsonBody} = { username=admin | password=wrongPass }</msg>
<status status="PASS" starttime="20220806 15:45:56.159" endtime="20220806 15:45:56.159"/>
</kw>
<kw name="POST" library="RequestsLibrary">
<var>${response}</var>
<arg>url=${GLOBAL_ENDPOINT_LOGIN}</arg>
<arg>json=${jsonBody}</arg>
<arg>expected_status=401</arg>
<doc>Sends a POST request.</doc>
<msg timestamp="20220806 15:45:56.163" level="INFO">POST Request : url=http://127.0.0.1:5000/login 
 path_url=/login 
 headers={'User-Agent': 'python-requests/2.27.1', 'Accept-Encoding': 'gzip, deflate', 'Accept': '*/*', 'Connection': 'keep-alive', 'Content-Length': '46', 'Content-Type': 'application/json'} 
 body=b'{"username": "admin", "password": "wrongPass"}' 
 </msg>
<msg timestamp="20220806 15:45:56.163" level="INFO">POST Response : url=http://127.0.0.1:5000/login 
 status=401, reason=UNAUTHORIZED 
 headers={'Server': 'Werkzeug/2.2.1 Python/3.10.4', 'Date': 'Sat, 06 Aug 2022 12:45:56 GMT', 'Content-Type': 'application/json', 'Content-Length': '27', 'Connection': 'close'} 
 body={"ERROR":"NOT AUTHORIZED"}
 
 </msg>
<msg timestamp="20220806 15:45:56.163" level="INFO">${response} = &lt;Response [401]&gt;</msg>
<status status="PASS" starttime="20220806 15:45:56.160" endtime="20220806 15:45:56.163"/>
</kw>
<kw name="Log To Console" library="BuiltIn">
<arg>${response}</arg>
<doc>Logs the given message to the console.</doc>
<status status="PASS" starttime="20220806 15:45:56.163" endtime="20220806 15:45:56.163"/>
</kw>
<kw name="Validate Json Schema" library="json_validate_schema">
<arg>input_json=${response.json()}</arg>
<arg>reference_schema_path=${GLOBAL_SCHEMA_ERROR}</arg>
<status status="PASS" starttime="20220806 15:45:56.164" endtime="20220806 15:45:56.165"/>
</kw>
<status status="PASS" starttime="20220806 15:45:56.158" endtime="20220806 15:45:56.165"/>
</test>
<status status="PASS" starttime="20220806 15:45:56.154" endtime="20220806 15:45:56.166"/>
</suite>
<status status="PASS" starttime="20220806 15:45:56.023" endtime="20220806 15:45:56.167"/>
</suite>
<status status="PASS" starttime="20220806 15:45:56.021" endtime="20220806 15:45:56.168"/>
</suite>
<status status="PASS" starttime="20220806 15:45:56.019" endtime="20220806 15:45:56.169"/>
</suite>
<status status="PASS" starttime="20220806 15:45:56.004" endtime="20220806 15:45:56.170"/>
</suite>
<status status="PASS" starttime="20220806 15:45:56.004" endtime="20220806 15:45:56.171"/>
</suite>
<statistics>
<total>
<stat pass="2" fail="0" skip="0">All Tests</stat>
</total>
<tag>
</tag>
<suite>
<stat pass="2" fail="0" skip="0" id="s1" name="Udemy Api Test">Udemy Api Test</stat>
<stat pass="2" fail="0" skip="0" id="s1-s1" name="Tests">Udemy Api Test.Tests</stat>
<stat pass="2" fail="0" skip="0" id="s1-s1-s1" name="Api">Udemy Api Test.Tests.Api</stat>
<stat pass="2" fail="0" skip="0" id="s1-s1-s1-s1" name="Endpoints">Udemy Api Test.Tests.Api.Endpoints</stat>
<stat pass="2" fail="0" skip="0" id="s1-s1-s1-s1-s1" name="Login">Udemy Api Test.Tests.Api.Endpoints.Login</stat>
<stat pass="1" fail="0" skip="0" id="s1-s1-s1-s1-s1-s1" name="Verify Login">Udemy Api Test.Tests.Api.Endpoints.Login.Verify Login</stat>
<stat pass="1" fail="0" skip="0" id="s1-s1-s1-s1-s1-s2" name="Verify Login Wrong Auth">Udemy Api Test.Tests.Api.Endpoints.Login.Verify Login Wrong Auth</stat>
</suite>
</statistics>
<errors>
</errors>
</robot>
